<?xml version="1.0" encoding="UTF-8"?>
<ged>
  <filters name="VESI">
    <filter name="hostgroups">VESI</filter>
  </filters>
  <default>VESI</default>
</ged>
